#
# An unexpected error has been detected by HotSpot Virtual Machine:
#
#  EXCEPTION_ACCESS_VIOLATION (0xc0000005) at pc=0x786d1cd3, pid=7228, tid=11176
#
# Java VM: Java HotSpot(TM) Client VM (1.5.0-b64 mixed mode)
# Problematic frame:
# C  [m_interpreter.dll+0x41cd3]
#

---------------  T H R E A D  ---------------

Current thread (0x0274c458):  JavaThread "main" [_thread_in_native, id=11176]

siginfo: ExceptionCode=0xc0000005, writing address 0x00000000

Registers:
EAX=0x00000000, EBX=0x00000001, ECX=0x00000000, EDX=0x00000020
ESP=0x00cdeae0, EBP=0x00cdeaf8, ESI=0x00000000, EDI=0x78939ac8
EIP=0x786d1cd3, EFLAGS=0x00010202

Top of Stack: (sp=0x00cdeae0)
0x00cdeae0:   00000000 00000000 00000000 10554400
0x00cdeaf0:   883a5050 00000002 00cdeb5c 786ad44c
0x00cdeb00:   00cdeb30 10554408 00000000 00000000
0x00cdeb10:   03f32910 00cdeb40 0274c458 6d6c4fc0
0x00cdeb20:   10554400 00000001 6d6805a5 0274c458
0x00cdeb30:   00000000 0274c514 00000000 798a2995
0x00cdeb40:   0274c458 00000000 00000000 00cdeb04
0x00cdeb50:   00cdefc4 78886dc9 ffffffff 00cdeb90 

Instructions: (pc=0x786d1cd3)
0x786d1cc3:   e0 9a 93 78 ff 86 e8 9a 93 78 8d 50 20 89 57 f4
0x786d1cd3:   c7 00 05 00 00 00 db 86 e8 9a 93 78 43 83 c6 04 


Stack: [0x004e0000,0x00ce0000),  sp=0x00cdeae0,  free space=8186k
Native frames: (J=compiled Java code, j=interpreted, Vv=VM code, C=native code)
C  [m_interpreter.dll+0x41cd3]
C  [m_interpreter.dll+0x1d44c]
C  [libuij.dll+0x32b7]
C  [libuij.dll+0x3d8a]
C  [uiw.dll+0x3efc2]
C  [uiw.dll+0x3f24f]
C  [jmi.dll+0x18b87]
j  com.mathworks.jmi.NativeMatlab.processPendingEvents()Z+8
j  com.mathworks.jmi.Matlab$ProcessPendingEvents.callBooleanMethod(Ljava/lang/Object;)Z+0
j  com.mathworks.util.FactoryUtils.processPendingEvents()Z+12
j  com.mathworks.mwswing.SynchronousInvokeUtility.queueSynchronousEvent(Lcom/mathworks/mwswing/SynchronousInvokeUtility$SynchronousEvent;Z)V+35
j  com.mathworks.mwswing.SynchronousInvokeUtility.queueSynchronousEvent(Lcom/mathworks/mwswing/SynchronousInvokeUtility$SynchronousEvent;)V+2
j  com.mathworks.mwswing.MJDialog.show()V+36
j  com.mathworks.mwswing.MJOptionPane.showOptionDialog(Ljava/awt/Component;Ljava/lang/Object;Ljava/lang/String;IILjavax/swing/Icon;[Ljava/lang/Object;Ljava/lang/Object;)I+311
j  com.mathworks.mwswing.MJOptionPane.showMessageDialog(Ljava/awt/Component;Ljava/lang/Object;Ljava/lang/String;ILjavax/swing/Icon;)V+9
j  com.mathworks.mwswing.MJOptionPane.showMessageDialog(Ljava/awt/Component;Ljava/lang/Object;Ljava/lang/String;I)V+5
j  com.mathworks.mde.desk.MLDesktop.reportStartupError(Ljava/lang/Throwable;)V+37
j  com.mathworks.mde.desk.MLDesktop.initMainFrame(ZZZ)V+255
v  ~StubRoutines::call_stub
V  [jvm.dll+0x8168d]
V  [jvm.dll+0xd4179]
V  [jvm.dll+0x8155e]
V  [jvm.dll+0x868ad]
C  [jmi.dll+0x2e60]
C  [jmi.dll+0x7122]
C  [mcr.dll+0x2cdd]
C  [mcr.dll+0x8bea]
C  [mcr.dll+0xc09c]
C  [matlab.exe+0x1c86]
C  [matlab.exe+0x3e45]
C  [KERNEL32.DLL+0x162c4]
C  [ntdll.dll+0x60fd9]
C  [ntdll.dll+0x60fa4]

Java frames: (J=compiled Java code, j=interpreted, Vv=VM code)
j  com.mathworks.jmi.NativeMatlab.ProcessPendingEvents()Z+0
j  com.mathworks.jmi.NativeMatlab.processPendingEvents()Z+8
j  com.mathworks.jmi.Matlab$ProcessPendingEvents.callBooleanMethod(Ljava/lang/Object;)Z+0
j  com.mathworks.util.FactoryUtils.processPendingEvents()Z+12
j  com.mathworks.mwswing.SynchronousInvokeUtility.queueSynchronousEvent(Lcom/mathworks/mwswing/SynchronousInvokeUtility$SynchronousEvent;Z)V+35
j  com.mathworks.mwswing.SynchronousInvokeUtility.queueSynchronousEvent(Lcom/mathworks/mwswing/SynchronousInvokeUtility$SynchronousEvent;)V+2
j  com.mathworks.mwswing.MJDialog.show()V+36
j  com.mathworks.mwswing.MJOptionPane.showOptionDialog(Ljava/awt/Component;Ljava/lang/Object;Ljava/lang/String;IILjavax/swing/Icon;[Ljava/lang/Object;Ljava/lang/Object;)I+311
j  com.mathworks.mwswing.MJOptionPane.showMessageDialog(Ljava/awt/Component;Ljava/lang/Object;Ljava/lang/String;ILjavax/swing/Icon;)V+9
j  com.mathworks.mwswing.MJOptionPane.showMessageDialog(Ljava/awt/Component;Ljava/lang/Object;Ljava/lang/String;I)V+5
j  com.mathworks.mde.desk.MLDesktop.reportStartupError(Ljava/lang/Throwable;)V+37
j  com.mathworks.mde.desk.MLDesktop.initMainFrame(ZZZ)V+255
v  ~StubRoutines::call_stub

---------------  P R O C E S S  ---------------

Java Threads: ( => current thread )
  0x10b22de8 JavaThread "Thread-5" [_thread_in_native, id=3812]
  0x1094ae38 JavaThread "Image Fetcher 1" daemon [_thread_blocked, id=10232]
  0x1094afb8 JavaThread "Timer-0" [_thread_blocked, id=5828]
  0x10928f50 JavaThread "TimerQueue" daemon [_thread_blocked, id=1176]
  0x10890310 JavaThread "AWT-EventQueue-0" [_thread_blocked, id=1752]
  0x10890190 JavaThread "AWT-Shutdown" [_thread_blocked, id=2292]
  0x10850998 JavaThread "Image Fetcher 0" daemon [_thread_blocked, id=7968]
  0x10697628 JavaThread "Java2D Disposer" daemon [_thread_blocked, id=10064]
  0x10813d80 JavaThread "AWT-Windows" daemon [_thread_in_native, id=3832]
  0x05ffb730 JavaThread "Low Memory Detector" daemon [_thread_blocked, id=9568]
  0x05ffada8 JavaThread "CompilerThread0" daemon [_thread_blocked, id=11024]
  0x05ff9318 JavaThread "Signal Dispatcher" daemon [_thread_blocked, id=5464]
  0x05fef348 JavaThread "Finalizer" daemon [_thread_blocked, id=1556]
  0x05fedd40 JavaThread "Reference Handler" daemon [_thread_blocked, id=9384]
=>0x0274c458 JavaThread "main" [_thread_in_native, id=11176]

Other Threads:
  0x05fe9de0 VMThread [id=2600]
  0x0274c628 WatcherThread [id=7868]

VM state:not at safepoint (normal execution)

VM Mutex/Monitor currently owned by a thread: None

Heap
 def new generation   total 14784K, used 6093K [0x08030000, 0x09030000, 0x09830000)
  eden space 13184K,  35% used [0x08030000, 0x084bba60, 0x08d10000)
  from space 1600K,  89% used [0x08d10000, 0x08e779b8, 0x08ea0000)
  to   space 1600K,   0% used [0x08ea0000, 0x08ea0000, 0x09030000)
 tenured generation   total 49152K, used 1553K [0x09830000, 0x0c830000, 0x0e030000)
   the space 49152K,   3% used [0x09830000, 0x099b47e8, 0x099b4800, 0x0c830000)
 compacting perm gen  total 11776K, used 11735K [0x0e030000, 0x0ebb0000, 0x10030000)
   the space 11776K,  99% used [0x0e030000, 0x0eba5e18, 0x0eba6000, 0x0ebb0000)
No shared spaces configured.

Dynamic libraries:
0x00400000 - 0x004d8000 	C:\Program Files (x86)\MATLAB704\bin\win32\matlab.exe
0x77aa0000 - 0x77c23000 	C:\WINDOWS\SYSTEM32\ntdll.dll
0x773f0000 - 0x774d0000 	C:\WINDOWS\System32\KERNEL32.DLL
0x76e20000 - 0x76fc1000 	C:\WINDOWS\System32\KERNELBASE.dll
0x784d0000 - 0x784de000 	C:\Program Files (x86)\MATLAB704\bin\win32\mvalue.dll
0x78c60000 - 0x78d55000 	C:\Program Files (x86)\MATLAB704\bin\win32\libmwservices.dll
0x784b0000 - 0x784be000 	C:\Program Files (x86)\MATLAB704\bin\win32\libmex.dll
0x783d0000 - 0x7845e000 	C:\Program Files (x86)\MATLAB704\bin\win32\libut.dll
0x76720000 - 0x7687f000 	C:\WINDOWS\System32\USER32.dll
0x784c0000 - 0x784c9000 	C:\Program Files (x86)\MATLAB704\bin\win32\libmat.dll
0x762f0000 - 0x76305000 	C:\WINDOWS\System32\win32u.dll
0x74d80000 - 0x74d99000 	C:\WINDOWS\System32\imagehlp.dll
0x76420000 - 0x7644b000 	C:\WINDOWS\System32\GDI32.dll
0x769b0000 - 0x76a90000 	C:\WINDOWS\System32\ucrtbase.dll
0x74b50000 - 0x74cab000 	C:\WINDOWS\System32\gdi32full.dll
0x76310000 - 0x76387000 	C:\WINDOWS\System32\ADVAPI32.dll
0x78460000 - 0x784a1000 	C:\Program Files (x86)\MATLAB704\bin\win32\libmx.dll
0x74df0000 - 0x74ed5000 	C:\WINDOWS\System32\comdlg32.dll
0x76520000 - 0x765de000 	C:\WINDOWS\System32\msvcrt.dll
0x77070000 - 0x77281000 	C:\WINDOWS\System32\combase.dll
0x76900000 - 0x76941000 	C:\WINDOWS\System32\sechost.dll
0x77320000 - 0x773e1000 	C:\WINDOWS\System32\RPCRT4.dll
0x7c3a0000 - 0x7c41b000 	C:\Program Files (x86)\MATLAB704\bin\win32\MSVCP71.dll
0x76630000 - 0x7671a000 	C:\WINDOWS\System32\ole32.dll
0x74560000 - 0x7457e000 	C:\WINDOWS\System32\SspiCli.dll
0x76c00000 - 0x76c94000 	C:\WINDOWS\System32\OLEAUT32.dll
0x74550000 - 0x7455a000 	C:\WINDOWS\System32\CRYPTBASE.dll
0x7c340000 - 0x7c396000 	C:\Program Files (x86)\MATLAB704\bin\win32\MSVCR71.dll
0x764a0000 - 0x7651b000 	C:\WINDOWS\System32\msvcp_win.dll
0x76950000 - 0x769aa000 	C:\WINDOWS\System32\bcryptPrimitives.dll
0x76390000 - 0x76418000 	C:\WINDOWS\System32\shcore.dll
0x784e0000 - 0x784f6000 	C:\Program Files (x86)\MATLAB704\bin\win32\mpath.dll
0x78620000 - 0x78687000 	C:\Program Files (x86)\MATLAB704\bin\win32\m_dispatcher.dll
0x774d0000 - 0x77516000 	C:\WINDOWS\System32\SHLWAPI.dll
0x781d0000 - 0x78246000 	C:\Program Files (x86)\MATLAB704\bin\win32\icuuc24.dll
0x78110000 - 0x78192000 	C:\Program Files (x86)\MATLAB704\bin\win32\icuin24.dll
0x74f10000 - 0x762e9000 	C:\WINDOWS\System32\SHELL32.dll
0x781a0000 - 0x781ad000 	C:\Program Files (x86)\MATLAB704\bin\win32\icuio24.dll
0x765f0000 - 0x76626000 	C:\WINDOWS\System32\cfgmgr32.dll
0x783b0000 - 0x783c2000 	C:\Program Files (x86)\MATLAB704\bin\win32\zlib1.dll
0x745e0000 - 0x74b4e000 	C:\WINDOWS\System32\windows.storage.dll
0x74da0000 - 0x74de5000 	C:\WINDOWS\System32\powrprof.dll
0x74cb0000 - 0x74cbd000 	C:\WINDOWS\System32\kernel.appcore.dll
0x78250000 - 0x783a6000 	C:\Program Files (x86)\MATLAB704\bin\win32\xerces-c_2_1_0.dll
0x78c40000 - 0x78c52000 	C:\Program Files (x86)\MATLAB704\bin\win32\datasvcs.dll
0x77540000 - 0x7754f000 	C:\WINDOWS\System32\profapi.dll
0x76880000 - 0x768e3000 	C:\WINDOWS\System32\WS2_32.dll
0x78100000 - 0x78105000 	C:\Program Files (x86)\MATLAB704\bin\win32\icudt24l.dll
0x79080000 - 0x7909b000 	C:\Program Files (x86)\MATLAB704\bin\win32\mcr.dll
0x73530000 - 0x73543000 	C:\WINDOWS\SYSTEM32\NETAPI32.dll
0x79950000 - 0x799ee000 	C:\Program Files (x86)\MATLAB704\bin\win32\bridge.dll
0x79910000 - 0x79919000 	C:\Program Files (x86)\MATLAB704\bin\win32\mlautoregister.dll
0x736e0000 - 0x73774000 	C:\WINDOWS\WinSxS\x86_microsoft.windows.common-controls_6595b64144ccf1df_5.82.14393.447_none_5507ded2cb4f7f4c\COMCTL32.dll
0x78ee0000 - 0x7902d000 	C:\Program Files (x86)\MATLAB704\bin\win32\hg.dll
0x78e60000 - 0x78ed6000 	C:\Program Files (x86)\MATLAB704\bin\win32\libmwgui.dll
0x79820000 - 0x79831000 	C:\Program Files (x86)\MATLAB704\bin\win32\mwoles05.dll
0x798d0000 - 0x79907000 	C:\Program Files (x86)\MATLAB704\bin\win32\comcli.dll
0x78db0000 - 0x78e2c000 	C:\Program Files (x86)\MATLAB704\bin\win32\uiw.dll
0x78690000 - 0x7898b000 	C:\Program Files (x86)\MATLAB704\bin\win32\m_interpreter.dll
0x79840000 - 0x79893000 	C:\Program Files (x86)\MATLAB704\bin\win32\udd_mi.dll
0x798a0000 - 0x798c8000 	C:\Program Files (x86)\MATLAB704\bin\win32\jmi.dll
0x73620000 - 0x73628000 	C:\WINDOWS\SYSTEM32\VERSION.dll
0x78590000 - 0x78611000 	C:\Program Files (x86)\MATLAB704\bin\win32\udd.dll
0x7c140000 - 0x7c243000 	C:\Program Files (x86)\MATLAB704\bin\win32\MFC71.DLL
0x79050000 - 0x7907a000 	C:\Program Files (x86)\MATLAB704\bin\win32\libmwhardcopy.dll
0x78e30000 - 0x78e4c000 	C:\Program Files (x86)\MATLAB704\bin\win32\libuij.dll
0x790a0000 - 0x791f5000 	C:\Program Files (x86)\MATLAB704\bin\win32\numerics.dll
0x744c0000 - 0x7452a000 	C:\WINDOWS\SYSTEM32\WINSPOOL.DRV
0x78e50000 - 0x78e55000 	C:\Program Files (x86)\MATLAB704\bin\win32\uinone.dll
0x78500000 - 0x78590000 	C:\Program Files (x86)\MATLAB704\bin\win32\mcos.dll
0x78ba0000 - 0x78baf000 	C:\Program Files (x86)\MATLAB704\bin\win32\m_pcodeio.dll
0x78b20000 - 0x78b75000 	C:\Program Files (x86)\MATLAB704\bin\win32\m_ir.dll
0x78b80000 - 0x78b91000 	C:\Program Files (x86)\MATLAB704\bin\win32\m_pcodegen.dll
0x78bc0000 - 0x78c33000 	C:\Program Files (x86)\MATLAB704\bin\win32\mlib.dll
0x78990000 - 0x78b1e000 	C:\Program Files (x86)\MATLAB704\bin\win32\m_parser.dll
0x79240000 - 0x792c6000 	C:\Program Files (x86)\MATLAB704\bin\win32\libfftw3.dll
0x792d0000 - 0x79351000 	C:\Program Files (x86)\MATLAB704\bin\win32\libfftw3f.dll
0x797b0000 - 0x797b7000 	C:\Program Files (x86)\MATLAB704\bin\win32\libmwamd.dll
0x79200000 - 0x7921c000 	C:\Program Files (x86)\MATLAB704\bin\win32\libmwlapack.dll
0x797c0000 - 0x79815000 	C:\Program Files (x86)\MATLAB704\bin\win32\libmwumfpackv4.3.dll
0x78bb0000 - 0x78bba000 	C:\Program Files (x86)\MATLAB704\bin\win32\ir_xfmr.dll
0x740d0000 - 0x740eb000 	C:\WINDOWS\SYSTEM32\bcrypt.dll
0x74ee0000 - 0x74f05000 	C:\WINDOWS\System32\IMM32.DLL
0x72c60000 - 0x72da5000 	C:\WINDOWS\System32\dbghelp.dll
0x7c300000 - 0x7c30e000 	C:\Program Files (x86)\MATLAB704\bin\win32\MFC71ENU.DLL
0x79220000 - 0x79238000 	C:\Program Files (x86)\MATLAB704\bin\win32\mkl.dll
0x79360000 - 0x797a7000 	C:\Program Files (x86)\MATLAB704\bin\win32\lapack.dll
0x7c040000 - 0x7c0b5000 	C:\Program Files (x86)\MATLAB704\bin\win32\DFORRT.DLL
0x74020000 - 0x74095000 	C:\WINDOWS\system32\uxtheme.dll
0x6d640000 - 0x6d7c5000 	C:\Program Files (x86)\MATLAB704\sys\java\jre\win32\jre1.5.0\bin\client\jvm.dll
0x740f0000 - 0x74114000 	C:\WINDOWS\SYSTEM32\WINMM.dll
0x740a0000 - 0x740c3000 	C:\WINDOWS\SYSTEM32\WINMMBASE.dll
0x65930000 - 0x659c2000 	C:\WINDOWS\system32\apphelp.dll
0x77960000 - 0x77a95000 	C:\WINDOWS\System32\MSCTF.dll
0x6d280000 - 0x6d288000 	C:\Program Files (x86)\MATLAB704\sys\java\jre\win32\jre1.5.0\bin\hpi.dll
0x768f0000 - 0x768f6000 	C:\WINDOWS\System32\PSAPI.DLL
0x6d610000 - 0x6d61c000 	C:\Program Files (x86)\MATLAB704\sys\java\jre\win32\jre1.5.0\bin\verify.dll
0x6d300000 - 0x6d31d000 	C:\Program Files (x86)\MATLAB704\sys\java\jre\win32\jre1.5.0\bin\java.dll
0x6d630000 - 0x6d63f000 	C:\Program Files (x86)\MATLAB704\sys\java\jre\win32\jre1.5.0\bin\zip.dll
0x799f0000 - 0x79a01000 	C:\Program Files (x86)\MATLAB704\bin\win32\jmi_mi.dll
0x7a530000 - 0x7a53c000 	C:\Program Files (x86)\MATLAB704\bin\win32\nativejava.dll
0x6d000000 - 0x6d166000 	C:\Program Files (x86)\MATLAB704\sys\java\jre\win32\jre1.5.0\bin\awt.dll
0x5c970000 - 0x5cbd4000 	C:\WINDOWS\AppPatch\AcGenral.DLL
0x5cd60000 - 0x5cd75000 	C:\WINDOWS\SYSTEM32\samcli.dll
0x5cd40000 - 0x5cd58000 	C:\WINDOWS\SYSTEM32\MSACM32.dll
0x73510000 - 0x7352a000 	C:\WINDOWS\SYSTEM32\USERENV.dll
0x74000000 - 0x7401f000 	C:\WINDOWS\SYSTEM32\dwmapi.dll
0x724b0000 - 0x72644000 	C:\WINDOWS\SYSTEM32\urlmon.dll
0x71c80000 - 0x71ea9000 	C:\WINDOWS\SYSTEM32\iertutil.dll
0x6b510000 - 0x6b526000 	C:\WINDOWS\SYSTEM32\MPR.dll
0x6d240000 - 0x6d27d000 	C:\Program Files (x86)\MATLAB704\sys\java\jre\win32\jre1.5.0\bin\fontmanager.dll
0x6d4c0000 - 0x6d4d3000 	C:\Program Files (x86)\MATLAB704\sys\java\jre\win32\jre1.5.0\bin\net.dll
0x71f40000 - 0x71f8e000 	C:\WINDOWS\system32\mswsock.dll
0x6d4e0000 - 0x6d4e9000 	C:\Program Files (x86)\MATLAB704\sys\java\jre\win32\jre1.5.0\bin\nio.dll
0x7a540000 - 0x7a548000 	C:\Program Files (x86)\MATLAB704\bin\win32\nativelex.dll
0x77290000 - 0x77314000 	C:\WINDOWS\System32\clbcatq.dll
0x66bd0000 - 0x66c14000 	C:\WINDOWS\system32\dataexchange.dll
0x66880000 - 0x66993000 	C:\WINDOWS\system32\dcomp.dll
0x669a0000 - 0x66bcf000 	C:\WINDOWS\system32\d3d11.dll
0x667f0000 - 0x66874000 	C:\WINDOWS\system32\dxgi.dll
0x666f0000 - 0x667e1000 	C:\WINDOWS\system32\twinapi.appcore.dll

VM Arguments:
jvm_args: -Xss512k -Xms64m -Xmx96m -XX:NewRatio=3 -XX:MaxPermSize=32M -Dsun.java2d.noddraw=true -Dsun.awt.nopixfmt=true -Djava.library.path=C:\Program Files (x86)\MATLAB704\bin\win32 vfprintf abort
java_command: <unknown>

Environment Variables:
PATH=C:\WINDOWS\system32;C:\WINDOWS;C:\WINDOWS\System32\Wbem;C:\WINDOWS\System32\WindowsPowerShell\v1.0\;C:\Program Files\Intel\WiFi\bin\;C:\Program Files\Common Files\Intel\WirelessCommon\;C:\Program Files (x86)\MATLAB704\bin\win32;C:\Users\genew\AppData\Local\Microsoft\WindowsApps;
USERNAME=genew
OS=Windows_NT
PROCESSOR_IDENTIFIER=Intel64 Family 6 Model 76 Stepping 3, GenuineIntel


---------------  S Y S T E M  ---------------

OS: Windows NT 6.2 Build 9200 

CPU:total 4 family 6, cmov, cx8, fxsr, mmx, sse, sse2, ht

Memory: 4k page, physical 4105656k(1840196k free), swap 4194303k(2877352k free)

vm_info: Java HotSpot(TM) Client VM (1.5.0-b64) for windows-x86, built on Sep 15 2004 03:00:31 by "java_re" with MS VC++ 6.0

